2025-10-07T10:28:02.513+05:00  INFO 14828 --- [bank_rest] [main] com.example.bankcards.BankCards          : Starting BankCards using Java 21.0.8 with PID 14828 (C:\Users\Рамиль\IdeaProjects\bank_rest\target\classes started by ramil in C:\Users\Рамиль\IdeaProjects\bank_rest)
2025-10-07T10:28:02.528+05:00  INFO 14828 --- [bank_rest] [main] com.example.bankcards.BankCards          : No active profile set, falling back to 1 default profile: "default"
2025-10-07T10:28:02.789+05:00  INFO 17148 --- [bank_rest] [main] com.example.bankcards.BankCards          : Starting BankCards using Java 21.0.8 with PID 17148 (C:\Users\Рамиль\IdeaProjects\bank_rest\target\classes started by ramil in C:\Users\Рамиль\IdeaProjects\bank_rest)
2025-10-07T10:28:02.798+05:00  INFO 17148 --- [bank_rest] [main] com.example.bankcards.BankCards          : No active profile set, falling back to 1 default profile: "default"
2025-10-07T10:28:04.351+05:00  INFO 14828 --- [bank_rest] [main] .s.d.r.c.RepositoryConfigurationDelegate : Bootstrapping Spring Data JPA repositories in DEFAULT mode.
2025-10-07T10:28:04.368+05:00  INFO 17148 --- [bank_rest] [main] .s.d.r.c.RepositoryConfigurationDelegate : Bootstrapping Spring Data JPA repositories in DEFAULT mode.
2025-10-07T10:28:04.452+05:00  INFO 14828 --- [bank_rest] [main] .s.d.r.c.RepositoryConfigurationDelegate : Finished Spring Data repository scanning in 91 ms. Found 4 JPA repository interfaces.
2025-10-07T10:28:04.472+05:00  INFO 17148 --- [bank_rest] [main] .s.d.r.c.RepositoryConfigurationDelegate : Finished Spring Data repository scanning in 93 ms. Found 4 JPA repository interfaces.
2025-10-07T10:28:05.364+05:00  INFO 14828 --- [bank_rest] [main] o.s.b.w.embedded.tomcat.TomcatWebServer  : Tomcat initialized with port 8080 (http)
2025-10-07T10:28:05.380+05:00  INFO 14828 --- [bank_rest] [main] o.apache.catalina.core.StandardService   : Starting service [Tomcat]
2025-10-07T10:28:05.380+05:00  INFO 14828 --- [bank_rest] [main] o.apache.catalina.core.StandardEngine    : Starting Servlet engine: [Apache Tomcat/10.1.26]
2025-10-07T10:28:05.413+05:00  INFO 17148 --- [bank_rest] [main] o.s.b.w.embedded.tomcat.TomcatWebServer  : Tomcat initialized with port 8080 (http)
2025-10-07T10:28:05.431+05:00  INFO 17148 --- [bank_rest] [main] o.apache.catalina.core.StandardService   : Starting service [Tomcat]
2025-10-07T10:28:05.432+05:00  INFO 17148 --- [bank_rest] [main] o.apache.catalina.core.StandardEngine    : Starting Servlet engine: [Apache Tomcat/10.1.26]
2025-10-07T10:28:05.497+05:00  INFO 14828 --- [bank_rest] [main] o.a.c.c.C.[Tomcat].[localhost].[/]       : Initializing Spring embedded WebApplicationContext
2025-10-07T10:28:05.498+05:00  INFO 14828 --- [bank_rest] [main] w.s.c.ServletWebServerApplicationContext : Root WebApplicationContext: initialization completed in 2916 ms
2025-10-07T10:28:05.564+05:00  INFO 17148 --- [bank_rest] [main] o.a.c.c.C.[Tomcat].[localhost].[/]       : Initializing Spring embedded WebApplicationContext
2025-10-07T10:28:05.565+05:00  INFO 17148 --- [bank_rest] [main] w.s.c.ServletWebServerApplicationContext : Root WebApplicationContext: initialization completed in 2708 ms
2025-10-07T10:28:05.689+05:00  INFO 14828 --- [bank_rest] [main] com.zaxxer.hikari.HikariDataSource       : HikariPool-1 - Starting...
2025-10-07T10:28:05.732+05:00  INFO 17148 --- [bank_rest] [main] com.zaxxer.hikari.HikariDataSource       : HikariPool-1 - Starting...
2025-10-07T10:28:05.880+05:00  INFO 14828 --- [bank_rest] [main] com.zaxxer.hikari.pool.HikariPool        : HikariPool-1 - Added connection org.postgresql.jdbc.PgConnection@28be7fec
2025-10-07T10:28:05.883+05:00  INFO 14828 --- [bank_rest] [main] com.zaxxer.hikari.HikariDataSource       : HikariPool-1 - Start completed.
2025-10-07T10:28:05.906+05:00  INFO 17148 --- [bank_rest] [main] com.zaxxer.hikari.pool.HikariPool        : HikariPool-1 - Added connection org.postgresql.jdbc.PgConnection@637c840d
2025-10-07T10:28:05.909+05:00  INFO 17148 --- [bank_rest] [main] com.zaxxer.hikari.HikariDataSource       : HikariPool-1 - Start completed.
2025-10-07T10:28:06.130+05:00  INFO 14828 --- [bank_rest] [main] liquibase.database                       : Set default schema name to public
2025-10-07T10:28:06.134+05:00  INFO 17148 --- [bank_rest] [main] liquibase.database                       : Set default schema name to public
2025-10-07T10:28:06.866+05:00  INFO 14828 --- [bank_rest] [main] liquibase.changelog                      : Reading from public.databasechangelog
2025-10-07T10:28:06.869+05:00  INFO 17148 --- [bank_rest] [main] liquibase.changelog                      : Reading from public.databasechangelog
2025-10-07T10:28:06.935+05:00  INFO 17148 --- [bank_rest] [main] liquibase.ui                             : Database is up to date, no changesets to execute
2025-10-07T10:28:06.937+05:00  INFO 14828 --- [bank_rest] [main] liquibase.ui                             : Database is up to date, no changesets to execute
2025-10-07T10:28:06.938+05:00  INFO 17148 --- [bank_rest] [main] liquibase.changelog                      : Reading from public.databasechangelog
2025-10-07T10:28:06.939+05:00  INFO 14828 --- [bank_rest] [main] liquibase.changelog                      : Reading from public.databasechangelog
2025-10-07T10:28:06.948+05:00  INFO 17148 --- [bank_rest] [main] liquibase.util                           : UPDATE SUMMARY
2025-10-07T10:28:06.949+05:00  INFO 17148 --- [bank_rest] [main] liquibase.util                           : Run:                          0
2025-10-07T10:28:06.949+05:00  INFO 17148 --- [bank_rest] [main] liquibase.util                           : Previously run:               8
2025-10-07T10:28:06.949+05:00  INFO 17148 --- [bank_rest] [main] liquibase.util                           : Filtered out:                 0
2025-10-07T10:28:06.949+05:00  INFO 17148 --- [bank_rest] [main] liquibase.util                           : -------------------------------
2025-10-07T10:28:06.949+05:00  INFO 17148 --- [bank_rest] [main] liquibase.util                           : Total change sets:            8
2025-10-07T10:28:06.949+05:00  INFO 14828 --- [bank_rest] [main] liquibase.util                           : UPDATE SUMMARY
2025-10-07T10:28:06.949+05:00  INFO 14828 --- [bank_rest] [main] liquibase.util                           : Run:                          0
2025-10-07T10:28:06.950+05:00  INFO 14828 --- [bank_rest] [main] liquibase.util                           : Previously run:               8
2025-10-07T10:28:06.950+05:00  INFO 14828 --- [bank_rest] [main] liquibase.util                           : Filtered out:                 0
2025-10-07T10:28:06.950+05:00  INFO 14828 --- [bank_rest] [main] liquibase.util                           : -------------------------------
2025-10-07T10:28:06.950+05:00  INFO 14828 --- [bank_rest] [main] liquibase.util                           : Total change sets:            8
2025-10-07T10:28:06.950+05:00  INFO 17148 --- [bank_rest] [main] liquibase.util                           : Update summary generated
2025-10-07T10:28:06.951+05:00  INFO 14828 --- [bank_rest] [main] liquibase.util                           : Update summary generated
2025-10-07T10:28:06.976+05:00  INFO 17148 --- [bank_rest] [main] liquibase.lockservice                    : Successfully released change log lock
2025-10-07T10:28:06.978+05:00  INFO 14828 --- [bank_rest] [main] liquibase.lockservice                    : Successfully released change log lock
2025-10-07T10:28:06.979+05:00  INFO 17148 --- [bank_rest] [main] liquibase.command                        : Command execution complete
2025-10-07T10:28:06.980+05:00  INFO 14828 --- [bank_rest] [main] liquibase.command                        : Command execution complete
2025-10-07T10:28:07.117+05:00  INFO 17148 --- [bank_rest] [main] o.hibernate.jpa.internal.util.LogHelper  : HHH000204: Processing PersistenceUnitInfo [name: default]
2025-10-07T10:28:07.117+05:00  INFO 14828 --- [bank_rest] [main] o.hibernate.jpa.internal.util.LogHelper  : HHH000204: Processing PersistenceUnitInfo [name: default]
2025-10-07T10:28:07.212+05:00  INFO 14828 --- [bank_rest] [main] org.hibernate.Version                    : HHH000412: Hibernate ORM core version 6.5.2.Final
2025-10-07T10:28:07.213+05:00  INFO 17148 --- [bank_rest] [main] org.hibernate.Version                    : HHH000412: Hibernate ORM core version 6.5.2.Final
2025-10-07T10:28:07.266+05:00  INFO 14828 --- [bank_rest] [main] o.h.c.internal.RegionFactoryInitiator    : HHH000026: Second-level cache disabled
2025-10-07T10:28:07.267+05:00  INFO 17148 --- [bank_rest] [main] o.h.c.internal.RegionFactoryInitiator    : HHH000026: Second-level cache disabled
2025-10-07T10:28:07.632+05:00  INFO 17148 --- [bank_rest] [main] o.s.o.j.p.SpringPersistenceUnitInfo      : No LoadTimeWeaver setup: ignoring JPA class transformer
2025-10-07T10:28:07.638+05:00  INFO 14828 --- [bank_rest] [main] o.s.o.j.p.SpringPersistenceUnitInfo      : No LoadTimeWeaver setup: ignoring JPA class transformer
2025-10-07T10:28:08.543+05:00  INFO 17148 --- [bank_rest] [main] o.h.e.t.j.p.i.JtaPlatformInitiator       : HHH000489: No JTA platform available (set 'hibernate.transaction.jta.platform' to enable JTA platform integration)
2025-10-07T10:28:08.559+05:00  INFO 14828 --- [bank_rest] [main] o.h.e.t.j.p.i.JtaPlatformInitiator       : HHH000489: No JTA platform available (set 'hibernate.transaction.jta.platform' to enable JTA platform integration)
2025-10-07T10:28:08.596+05:00  INFO 17148 --- [bank_rest] [main] j.LocalContainerEntityManagerFactoryBean : Initialized JPA EntityManagerFactory for persistence unit 'default'
2025-10-07T10:28:08.597+05:00  INFO 14828 --- [bank_rest] [main] j.LocalContainerEntityManagerFactoryBean : Initialized JPA EntityManagerFactory for persistence unit 'default'
2025-10-07T10:28:09.009+05:00  INFO 17148 --- [bank_rest] [main] r$InitializeUserDetailsManagerConfigurer : Global AuthenticationManager configured with UserDetailsService bean with name userDetailsService
2025-10-07T10:28:09.013+05:00  INFO 14828 --- [bank_rest] [main] r$InitializeUserDetailsManagerConfigurer : Global AuthenticationManager configured with UserDetailsService bean with name userDetailsService
2025-10-07T10:28:09.618+05:00  WARN 14828 --- [bank_rest] [main] JpaBaseConfiguration$JpaWebConfiguration : spring.jpa.open-in-view is enabled by default. Therefore, database queries may be performed during view rendering. Explicitly configure spring.jpa.open-in-view to disable this warning
2025-10-07T10:28:09.775+05:00  WARN 17148 --- [bank_rest] [main] JpaBaseConfiguration$JpaWebConfiguration : spring.jpa.open-in-view is enabled by default. Therefore, database queries may be performed during view rendering. Explicitly configure spring.jpa.open-in-view to disable this warning
2025-10-07T10:28:09.941+05:00 DEBUG 14828 --- [bank_rest] [main] o.s.s.web.DefaultSecurityFilterChain     : Will secure any request with filters: DisableEncodeUrlFilter, WebAsyncManagerIntegrationFilter, SecurityContextHolderFilter, HeaderWriterFilter, CorsFilter, JwtAuthenticationFilter, RequestCacheAwareFilter, SecurityContextHolderAwareRequestFilter, AnonymousAuthenticationFilter, ExceptionTranslationFilter, AuthorizationFilter
2025-10-07T10:28:10.091+05:00 DEBUG 17148 --- [bank_rest] [main] o.s.s.web.DefaultSecurityFilterChain     : Will secure any request with filters: DisableEncodeUrlFilter, WebAsyncManagerIntegrationFilter, SecurityContextHolderFilter, HeaderWriterFilter, CorsFilter, JwtAuthenticationFilter, RequestCacheAwareFilter, SecurityContextHolderAwareRequestFilter, AnonymousAuthenticationFilter, ExceptionTranslationFilter, AuthorizationFilter
2025-10-07T10:28:10.379+05:00  INFO 14828 --- [bank_rest] [main] o.s.b.w.embedded.tomcat.TomcatWebServer  : Tomcat started on port 8080 (http) with context path '/'
2025-10-07T10:28:10.392+05:00  INFO 14828 --- [bank_rest] [main] com.example.bankcards.BankCards          : Started BankCards in 8.491 seconds (process running for 9.026)
2025-10-07T10:28:10.524+05:00  WARN 17148 --- [bank_rest] [main] ConfigServletWebServerApplicationContext : Exception encountered during context initialization - cancelling refresh attempt: org.springframework.context.ApplicationContextException: Failed to start bean 'webServerStartStop'
2025-10-07T10:28:10.528+05:00  INFO 17148 --- [bank_rest] [main] j.LocalContainerEntityManagerFactoryBean : Closing JPA EntityManagerFactory for persistence unit 'default'
2025-10-07T10:28:10.530+05:00  INFO 17148 --- [bank_rest] [main] com.zaxxer.hikari.HikariDataSource       : HikariPool-1 - Shutdown initiated...
2025-10-07T10:28:10.533+05:00  INFO 17148 --- [bank_rest] [main] com.zaxxer.hikari.HikariDataSource       : HikariPool-1 - Shutdown completed.
2025-10-07T10:28:10.549+05:00  INFO 17148 --- [bank_rest] [main] .s.b.a.l.ConditionEvaluationReportLogger : 

Error starting ApplicationContext. To display the condition evaluation report re-run your application with 'debug' enabled.
2025-10-07T10:28:10.571+05:00 ERROR 17148 --- [bank_rest] [main] o.s.b.d.LoggingFailureAnalysisReporter   : 

***************************
APPLICATION FAILED TO START
***************************

Description:

Web server failed to start. Port 8080 was already in use.

Action:

Identify and stop the process that's listening on port 8080 or configure this application to listen on another port.

2025-10-07T10:31:38.818+05:00  INFO 2284 --- [bank_rest] [main] com.example.bankcards.BankCards          : Starting BankCards using Java 21.0.8 with PID 2284 (C:\Users\Рамиль\IdeaProjects\bank_rest\target\classes started by ramil in C:\Users\Рамиль\IdeaProjects\bank_rest)
2025-10-07T10:31:38.819+05:00  INFO 2284 --- [bank_rest] [main] com.example.bankcards.BankCards          : No active profile set, falling back to 1 default profile: "default"
2025-10-07T10:31:39.717+05:00  INFO 2284 --- [bank_rest] [main] .s.d.r.c.RepositoryConfigurationDelegate : Bootstrapping Spring Data JPA repositories in DEFAULT mode.
2025-10-07T10:31:39.804+05:00  INFO 2284 --- [bank_rest] [main] .s.d.r.c.RepositoryConfigurationDelegate : Finished Spring Data repository scanning in 78 ms. Found 4 JPA repository interfaces.
2025-10-07T10:31:40.442+05:00  INFO 2284 --- [bank_rest] [main] o.s.b.w.embedded.tomcat.TomcatWebServer  : Tomcat initialized with port 8080 (http)
2025-10-07T10:31:40.457+05:00  INFO 2284 --- [bank_rest] [main] o.apache.catalina.core.StandardService   : Starting service [Tomcat]
2025-10-07T10:31:40.457+05:00  INFO 2284 --- [bank_rest] [main] o.apache.catalina.core.StandardEngine    : Starting Servlet engine: [Apache Tomcat/10.1.26]
2025-10-07T10:31:40.535+05:00  INFO 2284 --- [bank_rest] [main] o.a.c.c.C.[Tomcat].[localhost].[/]       : Initializing Spring embedded WebApplicationContext
2025-10-07T10:31:40.537+05:00  INFO 2284 --- [bank_rest] [main] w.s.c.ServletWebServerApplicationContext : Root WebApplicationContext: initialization completed in 1677 ms
2025-10-07T10:31:40.651+05:00  INFO 2284 --- [bank_rest] [main] com.zaxxer.hikari.HikariDataSource       : HikariPool-1 - Starting...
2025-10-07T10:31:40.798+05:00  INFO 2284 --- [bank_rest] [main] com.zaxxer.hikari.pool.HikariPool        : HikariPool-1 - Added connection org.postgresql.jdbc.PgConnection@6d0e45a5
2025-10-07T10:31:40.800+05:00  INFO 2284 --- [bank_rest] [main] com.zaxxer.hikari.HikariDataSource       : HikariPool-1 - Start completed.
2025-10-07T10:31:40.939+05:00  INFO 2284 --- [bank_rest] [main] liquibase.database                       : Set default schema name to public
2025-10-07T10:31:41.318+05:00  INFO 2284 --- [bank_rest] [main] liquibase.changelog                      : Reading from public.databasechangelog
2025-10-07T10:31:41.383+05:00  INFO 2284 --- [bank_rest] [main] liquibase.ui                             : Database is up to date, no changesets to execute
2025-10-07T10:31:41.385+05:00  INFO 2284 --- [bank_rest] [main] liquibase.changelog                      : Reading from public.databasechangelog
2025-10-07T10:31:41.406+05:00  INFO 2284 --- [bank_rest] [main] liquibase.util                           : UPDATE SUMMARY
2025-10-07T10:31:41.406+05:00  INFO 2284 --- [bank_rest] [main] liquibase.util                           : Run:                          0
2025-10-07T10:31:41.406+05:00  INFO 2284 --- [bank_rest] [main] liquibase.util                           : Previously run:               8
2025-10-07T10:31:41.407+05:00  INFO 2284 --- [bank_rest] [main] liquibase.util                           : Filtered out:                 0
2025-10-07T10:31:41.407+05:00  INFO 2284 --- [bank_rest] [main] liquibase.util                           : -------------------------------
2025-10-07T10:31:41.407+05:00  INFO 2284 --- [bank_rest] [main] liquibase.util                           : Total change sets:            8
2025-10-07T10:31:41.408+05:00  INFO 2284 --- [bank_rest] [main] liquibase.util                           : Update summary generated
2025-10-07T10:31:41.431+05:00  INFO 2284 --- [bank_rest] [main] liquibase.lockservice                    : Successfully released change log lock
2025-10-07T10:31:41.434+05:00  INFO 2284 --- [bank_rest] [main] liquibase.command                        : Command execution complete
2025-10-07T10:31:41.520+05:00  INFO 2284 --- [bank_rest] [main] o.hibernate.jpa.internal.util.LogHelper  : HHH000204: Processing PersistenceUnitInfo [name: default]
2025-10-07T10:31:41.595+05:00  INFO 2284 --- [bank_rest] [main] org.hibernate.Version                    : HHH000412: Hibernate ORM core version 6.5.2.Final
2025-10-07T10:31:41.632+05:00  INFO 2284 --- [bank_rest] [main] o.h.c.internal.RegionFactoryInitiator    : HHH000026: Second-level cache disabled
2025-10-07T10:31:41.917+05:00  INFO 2284 --- [bank_rest] [main] o.s.o.j.p.SpringPersistenceUnitInfo      : No LoadTimeWeaver setup: ignoring JPA class transformer
2025-10-07T10:31:42.797+05:00  INFO 2284 --- [bank_rest] [main] o.h.e.t.j.p.i.JtaPlatformInitiator       : HHH000489: No JTA platform available (set 'hibernate.transaction.jta.platform' to enable JTA platform integration)
2025-10-07T10:31:42.829+05:00  INFO 2284 --- [bank_rest] [main] j.LocalContainerEntityManagerFactoryBean : Initialized JPA EntityManagerFactory for persistence unit 'default'
2025-10-07T10:31:43.227+05:00  INFO 2284 --- [bank_rest] [main] r$InitializeUserDetailsManagerConfigurer : Global AuthenticationManager configured with UserDetailsService bean with name userDetailsService
2025-10-07T10:31:43.720+05:00  WARN 2284 --- [bank_rest] [main] JpaBaseConfiguration$JpaWebConfiguration : spring.jpa.open-in-view is enabled by default. Therefore, database queries may be performed during view rendering. Explicitly configure spring.jpa.open-in-view to disable this warning
2025-10-07T10:31:43.989+05:00 DEBUG 2284 --- [bank_rest] [main] o.s.s.web.DefaultSecurityFilterChain     : Will secure any request with filters: DisableEncodeUrlFilter, WebAsyncManagerIntegrationFilter, SecurityContextHolderFilter, HeaderWriterFilter, CorsFilter, JwtAuthenticationFilter, RequestCacheAwareFilter, SecurityContextHolderAwareRequestFilter, AnonymousAuthenticationFilter, ExceptionTranslationFilter, AuthorizationFilter
2025-10-07T10:31:44.285+05:00  INFO 2284 --- [bank_rest] [main] o.s.b.w.embedded.tomcat.TomcatWebServer  : Tomcat started on port 8080 (http) with context path '/'
2025-10-07T10:31:44.293+05:00  INFO 2284 --- [bank_rest] [main] com.example.bankcards.BankCards          : Started BankCards in 5.98 seconds (process running for 6.42)
2025-10-07T10:32:01.465+05:00  INFO 2284 --- [bank_rest] [http-nio-8080-exec-1] o.a.c.c.C.[Tomcat].[localhost].[/]       : Initializing Spring DispatcherServlet 'dispatcherServlet'
2025-10-07T10:32:01.465+05:00  INFO 2284 --- [bank_rest] [http-nio-8080-exec-1] o.s.web.servlet.DispatcherServlet        : Initializing Servlet 'dispatcherServlet'
2025-10-07T10:32:01.467+05:00  INFO 2284 --- [bank_rest] [http-nio-8080-exec-1] o.s.web.servlet.DispatcherServlet        : Completed initialization in 1 ms
2025-10-07T10:32:01.485+05:00 DEBUG 2284 --- [bank_rest] [http-nio-8080-exec-1] o.s.security.web.FilterChainProxy        : Securing GET /books
2025-10-07T10:32:01.493+05:00 DEBUG 2284 --- [bank_rest] [http-nio-8080-exec-1] o.s.security.web.FilterChainProxy        : Secured GET /books
2025-10-07T10:32:01.515+05:00 DEBUG 2284 --- [bank_rest] [http-nio-8080-exec-1] o.s.s.w.a.AnonymousAuthenticationFilter  : Set SecurityContextHolder to anonymous SecurityContext
2025-10-07T10:32:01.524+05:00 DEBUG 2284 --- [bank_rest] [http-nio-8080-exec-1] o.s.security.web.FilterChainProxy        : Securing GET /error
2025-10-07T10:32:01.524+05:00 DEBUG 2284 --- [bank_rest] [http-nio-8080-exec-1] o.s.security.web.FilterChainProxy        : Secured GET /error
2025-10-07T10:32:01.555+05:00 DEBUG 2284 --- [bank_rest] [http-nio-8080-exec-1] o.s.s.w.a.AnonymousAuthenticationFilter  : Set SecurityContextHolder to anonymous SecurityContext
2025-10-07T10:32:01.672+05:00 DEBUG 2284 --- [bank_rest] [http-nio-8080-exec-2] o.s.security.web.FilterChainProxy        : Securing GET /favicon.ico
2025-10-07T10:32:01.673+05:00 DEBUG 2284 --- [bank_rest] [http-nio-8080-exec-2] o.s.security.web.FilterChainProxy        : Secured GET /favicon.ico
2025-10-07T10:32:01.675+05:00 DEBUG 2284 --- [bank_rest] [http-nio-8080-exec-2] o.s.s.w.a.AnonymousAuthenticationFilter  : Set SecurityContextHolder to anonymous SecurityContext
2025-10-07T10:32:01.677+05:00 DEBUG 2284 --- [bank_rest] [http-nio-8080-exec-2] o.s.security.web.FilterChainProxy        : Securing GET /error
2025-10-07T10:32:01.678+05:00 DEBUG 2284 --- [bank_rest] [http-nio-8080-exec-2] o.s.security.web.FilterChainProxy        : Secured GET /error
2025-10-07T10:32:01.731+05:00 DEBUG 2284 --- [bank_rest] [http-nio-8080-exec-2] o.s.s.w.a.AnonymousAuthenticationFilter  : Set SecurityContextHolder to anonymous SecurityContext
2025-10-07T10:32:04.035+05:00 DEBUG 2284 --- [bank_rest] [http-nio-8080-exec-3] o.s.security.web.FilterChainProxy        : Securing GET /
2025-10-07T10:32:04.036+05:00 DEBUG 2284 --- [bank_rest] [http-nio-8080-exec-3] o.s.security.web.FilterChainProxy        : Secured GET /
2025-10-07T10:32:04.039+05:00 DEBUG 2284 --- [bank_rest] [http-nio-8080-exec-3] o.s.s.w.a.AnonymousAuthenticationFilter  : Set SecurityContextHolder to anonymous SecurityContext
2025-10-07T11:22:17.376+05:00  INFO 26708 --- [bank_rest] [main] com.example.bankcards.BankCards          : Starting BankCards using Java 21.0.8 with PID 26708 (C:\Users\Рамиль\IdeaProjects\bank_rest\target\classes started by ramil in C:\Users\Рамиль\IdeaProjects\bank_rest)
2025-10-07T11:22:17.378+05:00  INFO 26708 --- [bank_rest] [main] com.example.bankcards.BankCards          : No active profile set, falling back to 1 default profile: "default"
2025-10-07T11:22:18.235+05:00  INFO 26708 --- [bank_rest] [main] .s.d.r.c.RepositoryConfigurationDelegate : Bootstrapping Spring Data JPA repositories in DEFAULT mode.
2025-10-07T11:22:18.309+05:00  INFO 26708 --- [bank_rest] [main] .s.d.r.c.RepositoryConfigurationDelegate : Finished Spring Data repository scanning in 65 ms. Found 4 JPA repository interfaces.
2025-10-07T11:22:18.896+05:00  INFO 26708 --- [bank_rest] [main] o.s.b.w.embedded.tomcat.TomcatWebServer  : Tomcat initialized with port 8080 (http)
2025-10-07T11:22:18.912+05:00  INFO 26708 --- [bank_rest] [main] o.apache.catalina.core.StandardService   : Starting service [Tomcat]
2025-10-07T11:22:18.913+05:00  INFO 26708 --- [bank_rest] [main] o.apache.catalina.core.StandardEngine    : Starting Servlet engine: [Apache Tomcat/10.1.26]
2025-10-07T11:22:18.992+05:00  INFO 26708 --- [bank_rest] [main] o.a.c.c.C.[Tomcat].[localhost].[/]       : Initializing Spring embedded WebApplicationContext
2025-10-07T11:22:18.992+05:00  INFO 26708 --- [bank_rest] [main] w.s.c.ServletWebServerApplicationContext : Root WebApplicationContext: initialization completed in 1566 ms
2025-10-07T11:22:19.104+05:00  INFO 26708 --- [bank_rest] [main] com.zaxxer.hikari.HikariDataSource       : HikariPool-1 - Starting...
2025-10-07T11:22:19.354+05:00  INFO 26708 --- [bank_rest] [main] com.zaxxer.hikari.pool.HikariPool        : HikariPool-1 - Added connection org.postgresql.jdbc.PgConnection@6d0e45a5
2025-10-07T11:22:19.356+05:00  INFO 26708 --- [bank_rest] [main] com.zaxxer.hikari.HikariDataSource       : HikariPool-1 - Start completed.
2025-10-07T11:22:19.488+05:00  INFO 26708 --- [bank_rest] [main] liquibase.database                       : Set default schema name to public
2025-10-07T11:22:19.839+05:00  INFO 26708 --- [bank_rest] [main] liquibase.changelog                      : Reading from public.databasechangelog
2025-10-07T11:22:19.888+05:00  INFO 26708 --- [bank_rest] [main] liquibase.ui                             : Database is up to date, no changesets to execute
2025-10-07T11:22:19.890+05:00  INFO 26708 --- [bank_rest] [main] liquibase.changelog                      : Reading from public.databasechangelog
2025-10-07T11:22:19.897+05:00  INFO 26708 --- [bank_rest] [main] liquibase.util                           : UPDATE SUMMARY
2025-10-07T11:22:19.897+05:00  INFO 26708 --- [bank_rest] [main] liquibase.util                           : Run:                          0
2025-10-07T11:22:19.897+05:00  INFO 26708 --- [bank_rest] [main] liquibase.util                           : Previously run:               8
2025-10-07T11:22:19.897+05:00  INFO 26708 --- [bank_rest] [main] liquibase.util                           : Filtered out:                 0
2025-10-07T11:22:19.897+05:00  INFO 26708 --- [bank_rest] [main] liquibase.util                           : -------------------------------
2025-10-07T11:22:19.898+05:00  INFO 26708 --- [bank_rest] [main] liquibase.util                           : Total change sets:            8
2025-10-07T11:22:19.899+05:00  INFO 26708 --- [bank_rest] [main] liquibase.util                           : Update summary generated
2025-10-07T11:22:19.926+05:00  INFO 26708 --- [bank_rest] [main] liquibase.lockservice                    : Successfully released change log lock
2025-10-07T11:22:19.928+05:00  INFO 26708 --- [bank_rest] [main] liquibase.command                        : Command execution complete
2025-10-07T11:22:20.012+05:00  INFO 26708 --- [bank_rest] [main] o.hibernate.jpa.internal.util.LogHelper  : HHH000204: Processing PersistenceUnitInfo [name: default]
2025-10-07T11:22:20.072+05:00  INFO 26708 --- [bank_rest] [main] org.hibernate.Version                    : HHH000412: Hibernate ORM core version 6.5.2.Final
2025-10-07T11:22:20.106+05:00  INFO 26708 --- [bank_rest] [main] o.h.c.internal.RegionFactoryInitiator    : HHH000026: Second-level cache disabled
2025-10-07T11:22:20.388+05:00  INFO 26708 --- [bank_rest] [main] o.s.o.j.p.SpringPersistenceUnitInfo      : No LoadTimeWeaver setup: ignoring JPA class transformer
2025-10-07T11:22:21.204+05:00  INFO 26708 --- [bank_rest] [main] o.h.e.t.j.p.i.JtaPlatformInitiator       : HHH000489: No JTA platform available (set 'hibernate.transaction.jta.platform' to enable JTA platform integration)
2025-10-07T11:22:21.235+05:00  INFO 26708 --- [bank_rest] [main] j.LocalContainerEntityManagerFactoryBean : Initialized JPA EntityManagerFactory for persistence unit 'default'
2025-10-07T11:22:21.590+05:00  INFO 26708 --- [bank_rest] [main] r$InitializeUserDetailsManagerConfigurer : Global AuthenticationManager configured with UserDetailsService bean with name userDetailsService
2025-10-07T11:22:22.164+05:00  WARN 26708 --- [bank_rest] [main] JpaBaseConfiguration$JpaWebConfiguration : spring.jpa.open-in-view is enabled by default. Therefore, database queries may be performed during view rendering. Explicitly configure spring.jpa.open-in-view to disable this warning
2025-10-07T11:22:22.421+05:00 DEBUG 26708 --- [bank_rest] [main] o.s.s.web.DefaultSecurityFilterChain     : Will secure any request with filters: DisableEncodeUrlFilter, WebAsyncManagerIntegrationFilter, SecurityContextHolderFilter, HeaderWriterFilter, CorsFilter, JwtAuthenticationFilter, RequestCacheAwareFilter, SecurityContextHolderAwareRequestFilter, AnonymousAuthenticationFilter, ExceptionTranslationFilter, AuthorizationFilter
2025-10-07T11:22:22.710+05:00  INFO 26708 --- [bank_rest] [main] o.s.b.w.embedded.tomcat.TomcatWebServer  : Tomcat started on port 8080 (http) with context path '/'
2025-10-07T11:22:22.719+05:00  INFO 26708 --- [bank_rest] [main] com.example.bankcards.BankCards          : Started BankCards in 5.823 seconds (process running for 6.217)
2025-10-07T11:23:53.473+05:00  INFO 26708 --- [bank_rest] [http-nio-8080-exec-2] o.a.c.c.C.[Tomcat].[localhost].[/]       : Initializing Spring DispatcherServlet 'dispatcherServlet'
2025-10-07T11:23:53.474+05:00  INFO 26708 --- [bank_rest] [http-nio-8080-exec-2] o.s.web.servlet.DispatcherServlet        : Initializing Servlet 'dispatcherServlet'
2025-10-07T11:23:53.475+05:00  INFO 26708 --- [bank_rest] [http-nio-8080-exec-2] o.s.web.servlet.DispatcherServlet        : Completed initialization in 0 ms
2025-10-07T11:23:53.491+05:00 DEBUG 26708 --- [bank_rest] [http-nio-8080-exec-2] o.s.security.web.FilterChainProxy        : Securing GET /api/cards
2025-10-07T11:23:58.772+05:00 DEBUG 26708 --- [bank_rest] [http-nio-8080-exec-4] o.s.security.web.FilterChainProxy        : Securing GET /api/cards
2025-10-07T11:24:06.844+05:00 DEBUG 26708 --- [bank_rest] [http-nio-8080-exec-3] o.s.security.web.FilterChainProxy        : Securing GET /api/cards
2025-10-07T11:24:14.573+05:00 DEBUG 26708 --- [bank_rest] [http-nio-8080-exec-5] o.s.security.web.FilterChainProxy        : Securing GET /api/cards
2025-10-07T11:24:57.479+05:00 DEBUG 26708 --- [bank_rest] [http-nio-8080-exec-6] o.s.security.web.FilterChainProxy        : Securing GET /api/cards
2025-10-07T11:25:16.700+05:00 DEBUG 26708 --- [bank_rest] [http-nio-8080-exec-7] o.s.security.web.FilterChainProxy        : Securing GET /api/cards
2025-10-07T11:26:52.928+05:00  INFO 12520 --- [bank_rest] [main] com.example.bankcards.BankCards          : Starting BankCards using Java 21.0.8 with PID 12520 (C:\Users\Рамиль\IdeaProjects\bank_rest\target\classes started by ramil in C:\Users\Рамиль\IdeaProjects\bank_rest)
2025-10-07T11:26:52.931+05:00  INFO 12520 --- [bank_rest] [main] com.example.bankcards.BankCards          : No active profile set, falling back to 1 default profile: "default"
2025-10-07T11:26:53.805+05:00  INFO 12520 --- [bank_rest] [main] .s.d.r.c.RepositoryConfigurationDelegate : Bootstrapping Spring Data JPA repositories in DEFAULT mode.
2025-10-07T11:26:53.889+05:00  INFO 12520 --- [bank_rest] [main] .s.d.r.c.RepositoryConfigurationDelegate : Finished Spring Data repository scanning in 74 ms. Found 4 JPA repository interfaces.
2025-10-07T11:26:54.496+05:00  INFO 12520 --- [bank_rest] [main] o.s.b.w.embedded.tomcat.TomcatWebServer  : Tomcat initialized with port 8080 (http)
2025-10-07T11:26:54.509+05:00  INFO 12520 --- [bank_rest] [main] o.apache.catalina.core.StandardService   : Starting service [Tomcat]
2025-10-07T11:26:54.509+05:00  INFO 12520 --- [bank_rest] [main] o.apache.catalina.core.StandardEngine    : Starting Servlet engine: [Apache Tomcat/10.1.26]
2025-10-07T11:26:54.592+05:00  INFO 12520 --- [bank_rest] [main] o.a.c.c.C.[Tomcat].[localhost].[/]       : Initializing Spring embedded WebApplicationContext
2025-10-07T11:26:54.593+05:00  INFO 12520 --- [bank_rest] [main] w.s.c.ServletWebServerApplicationContext : Root WebApplicationContext: initialization completed in 1620 ms
2025-10-07T11:26:54.731+05:00  INFO 12520 --- [bank_rest] [main] com.zaxxer.hikari.HikariDataSource       : HikariPool-1 - Starting...
2025-10-07T11:26:54.865+05:00  INFO 12520 --- [bank_rest] [main] com.zaxxer.hikari.pool.HikariPool        : HikariPool-1 - Added connection org.postgresql.jdbc.PgConnection@382d71c7
2025-10-07T11:26:54.868+05:00  INFO 12520 --- [bank_rest] [main] com.zaxxer.hikari.HikariDataSource       : HikariPool-1 - Start completed.
2025-10-07T11:26:55.010+05:00  INFO 12520 --- [bank_rest] [main] liquibase.database                       : Set default schema name to public
2025-10-07T11:26:55.380+05:00  INFO 12520 --- [bank_rest] [main] liquibase.changelog                      : Reading from public.databasechangelog
2025-10-07T11:26:55.433+05:00  INFO 12520 --- [bank_rest] [main] liquibase.ui                             : Database is up to date, no changesets to execute
2025-10-07T11:26:55.435+05:00  INFO 12520 --- [bank_rest] [main] liquibase.changelog                      : Reading from public.databasechangelog
2025-10-07T11:26:55.443+05:00  INFO 12520 --- [bank_rest] [main] liquibase.util                           : UPDATE SUMMARY
2025-10-07T11:26:55.443+05:00  INFO 12520 --- [bank_rest] [main] liquibase.util                           : Run:                          0
2025-10-07T11:26:55.443+05:00  INFO 12520 --- [bank_rest] [main] liquibase.util                           : Previously run:               8
2025-10-07T11:26:55.443+05:00  INFO 12520 --- [bank_rest] [main] liquibase.util                           : Filtered out:                 0
2025-10-07T11:26:55.443+05:00  INFO 12520 --- [bank_rest] [main] liquibase.util                           : -------------------------------
2025-10-07T11:26:55.443+05:00  INFO 12520 --- [bank_rest] [main] liquibase.util                           : Total change sets:            8
2025-10-07T11:26:55.445+05:00  INFO 12520 --- [bank_rest] [main] liquibase.util                           : Update summary generated
2025-10-07T11:26:55.466+05:00  INFO 12520 --- [bank_rest] [main] liquibase.lockservice                    : Successfully released change log lock
2025-10-07T11:26:55.468+05:00  INFO 12520 --- [bank_rest] [main] liquibase.command                        : Command execution complete
2025-10-07T11:26:55.552+05:00  INFO 12520 --- [bank_rest] [main] o.hibernate.jpa.internal.util.LogHelper  : HHH000204: Processing PersistenceUnitInfo [name: default]
2025-10-07T11:26:55.614+05:00  INFO 12520 --- [bank_rest] [main] org.hibernate.Version                    : HHH000412: Hibernate ORM core version 6.5.2.Final
2025-10-07T11:26:55.652+05:00  INFO 12520 --- [bank_rest] [main] o.h.c.internal.RegionFactoryInitiator    : HHH000026: Second-level cache disabled
2025-10-07T11:26:55.932+05:00  INFO 12520 --- [bank_rest] [main] o.s.o.j.p.SpringPersistenceUnitInfo      : No LoadTimeWeaver setup: ignoring JPA class transformer
2025-10-07T11:26:56.771+05:00  INFO 12520 --- [bank_rest] [main] o.h.e.t.j.p.i.JtaPlatformInitiator       : HHH000489: No JTA platform available (set 'hibernate.transaction.jta.platform' to enable JTA platform integration)
2025-10-07T11:26:56.808+05:00  INFO 12520 --- [bank_rest] [main] j.LocalContainerEntityManagerFactoryBean : Initialized JPA EntityManagerFactory for persistence unit 'default'
2025-10-07T11:26:57.155+05:00  INFO 12520 --- [bank_rest] [main] r$InitializeUserDetailsManagerConfigurer : Global AuthenticationManager configured with UserDetailsService bean with name userDetailsService
2025-10-07T11:26:57.923+05:00  WARN 12520 --- [bank_rest] [main] JpaBaseConfiguration$JpaWebConfiguration : spring.jpa.open-in-view is enabled by default. Therefore, database queries may be performed during view rendering. Explicitly configure spring.jpa.open-in-view to disable this warning
2025-10-07T11:26:58.252+05:00 DEBUG 12520 --- [bank_rest] [main] o.s.s.web.DefaultSecurityFilterChain     : Will secure any request with filters: DisableEncodeUrlFilter, WebAsyncManagerIntegrationFilter, SecurityContextHolderFilter, HeaderWriterFilter, CorsFilter, JwtAuthenticationFilter, RequestCacheAwareFilter, SecurityContextHolderAwareRequestFilter, AnonymousAuthenticationFilter, ExceptionTranslationFilter, AuthorizationFilter
2025-10-07T11:26:58.592+05:00  INFO 12520 --- [bank_rest] [main] o.s.b.w.embedded.tomcat.TomcatWebServer  : Tomcat started on port 8080 (http) with context path '/'
2025-10-07T11:26:58.602+05:00  INFO 12520 --- [bank_rest] [main] com.example.bankcards.BankCards          : Started BankCards in 6.144 seconds (process running for 6.531)
